<testsuites id="" name="" tests="4" failures="0" skipped="0" errors="0" time="23.657934">
<testsuite name="src/tests/demoqa/demoqa.spec.ts" timestamp="2024-11-02T04:41:47.815Z" hostname="" tests="4" failures="0" skipped="0" time="21.69" errors="0">
<testcase name="Open demo site" classname="src/tests/demoqa/demoqa.spec.ts" time="3.419">
<system-out>
<![CDATA[
[[ATTACHMENT|test-results/src-tests-demoqa-demoqa-Open-demo-site/test-finished-1.png]]

[[ATTACHMENT|test-results/src-tests-demoqa-demoqa-Open-demo-site/video.webm]]
]]>
</system-out>
</testcase>
<testcase name="Navigate to form practice page" classname="src/tests/demoqa/demoqa.spec.ts" time="9.391">
<system-out>
<![CDATA[
[[ATTACHMENT|test-results/src-tests-demoqa-demoqa-Navigate-to-form-practice-page/test-finished-1.png]]

[[ATTACHMENT|test-results/src-tests-demoqa-demoqa-Navigate-to-form-practice-page/video.webm]]
]]>
</system-out>
</testcase>
<testcase name="Verify page URL" classname="src/tests/demoqa/demoqa.spec.ts" time="5.178">
<system-out>
<![CDATA[
[[ATTACHMENT|test-results/src-tests-demoqa-demoqa-Verify-page-URL/test-finished-1.png]]

[[ATTACHMENT|test-results/src-tests-demoqa-demoqa-Verify-page-URL/video.webm]]
]]>
</system-out>
</testcase>
<testcase name="Start fill form" classname="src/tests/demoqa/demoqa.spec.ts" time="3.702">
<system-out>
<![CDATA[
[[ATTACHMENT|test-results/src-tests-demoqa-demoqa-Start-fill-form/test-finished-1.png]]

[[ATTACHMENT|test-results/src-tests-demoqa-demoqa-Start-fill-form/video.webm]]
]]>
</system-out>
</testcase>
</testsuite>
</testsuites>